Log file open, 12/05/19 16:22:28
LogWindows: Failed to load 'aqProf.dll' (GetLastError=126)
LogWindows: File 'aqProf.dll' does not exist
LogWindows: Failed to load 'VtuneApi.dll' (GetLastError=126)
LogWindows: File 'VtuneApi.dll' does not exist
LogWindows: Failed to load 'VtuneApi32e.dll' (GetLastError=126)
LogWindows: File 'VtuneApi32e.dll' does not exist
LogConsoleResponse: Display: Failed to find resolution value strings in scalability ini. Falling back to default.
LogInit: Display: Running engine for game: BattleZone
LogPakFile: Registered encryption key '00000000000000000000000000000000': 0 pak files mounted, 0 remain pending
LogPlatformFile: Not using cached read wrapper
LogTaskGraph: Started task graph with 5 named threads and 35 total threads with 3 sets of task threads.
LogStats: Stats thread started at 6.792160
LogD3D11RHI: Loaded GFSDK_Aftermath_Lib.x64.dll
LogICUInternationalization: ICU TimeZone Detection - Raw Offset: -6:00, Platform Override: ''
LogPluginManager: Mounting plugin Paper2D
LogPluginManager: Mounting plugin AISupport
LogPluginManager: Mounting plugin LightPropagationVolume
LogPluginManager: Mounting plugin ActorLayerUtilities
LogPluginManager: Mounting plugin AnimationSharing
LogPluginManager: Mounting plugin CLionSourceCodeAccess
LogPluginManager: Mounting plugin CodeLiteSourceCodeAccess
LogPluginManager: Mounting plugin GitSourceControl
LogPluginManager: Mounting plugin KDevelopSourceCodeAccess
LogPluginManager: Mounting plugin NullSourceCodeAccess
LogPluginManager: Mounting plugin PerforceSourceControl
LogPluginManager: Mounting plugin SubversionSourceControl
LogPluginManager: Mounting plugin UObjectPlugin
LogPluginManager: Mounting plugin VisualStudioCodeSourceCodeAccess
LogPluginManager: Mounting plugin VisualStudioSourceCodeAccess
LogPluginManager: Mounting plugin XCodeSourceCodeAccess
LogPluginManager: Mounting plugin AssetManagerEditor
LogPluginManager: Mounting plugin CryptoKeys
LogPluginManager: Mounting plugin DataValidation
LogPluginManager: Mounting plugin FacialAnimation
LogPluginManager: Mounting plugin GameplayTagsEditor
LogPluginManager: Mounting plugin MacGraphicsSwitching
LogPluginManager: Mounting plugin MaterialAnalyzer
LogPluginManager: Mounting plugin MobileLauncherProfileWizard
LogPluginManager: Mounting plugin PluginBrowser
LogPluginManager: Mounting plugin SpeedTreeImporter
LogPluginManager: Mounting plugin DatasmithContent
LogPluginManager: Mounting plugin VariantManagerContent
LogPluginManager: Mounting plugin AlembicImporter
LogPluginManager: Mounting plugin AppleImageUtils
LogPluginManager: Mounting plugin AppleVision
LogPluginManager: Mounting plugin BackChannel
LogPluginManager: Mounting plugin CharacterAI
LogPluginManager: Mounting plugin GeometryCache
LogPluginManager: Mounting plugin HTML5Networking
LogPluginManager: Mounting plugin ProxyLODPlugin
LogPluginManager: Mounting plugin SkeletalReduction
LogPluginManager: Mounting plugin MagicLeap
LogPluginManager: Mounting plugin MagicLeapMedia
LogPluginManager: Mounting plugin AndroidMedia
LogPluginManager: Mounting plugin AvfMedia
LogPluginManager: Mounting plugin ImgMedia
LogPluginManager: Mounting plugin LinearTimecode
LogPluginManager: Mounting plugin MediaCompositing
LogPluginManager: Mounting plugin MediaPlayerEditor
LogPluginManager: Mounting plugin WebMMedia
LogPluginManager: Mounting plugin WmfMedia
LogPluginManager: Mounting plugin TcpMessaging
LogPluginManager: Mounting plugin UdpMessaging
LogPluginManager: Mounting plugin ActorSequence
LogPluginManager: Mounting plugin LevelSequenceEditor
LogPluginManager: Mounting plugin MatineeToLevelSequence
LogPluginManager: Mounting plugin NetcodeUnitTest
LogPluginManager: Mounting plugin NUTUnrealEngine4
LogPluginManager: Mounting plugin OnlineSubsystemGooglePlay
LogPluginManager: Mounting plugin OnlineSubsystemIOS
LogPluginManager: Mounting plugin OnlineSubsystem
LogPluginManager: Mounting plugin OnlineSubsystemNull
LogPluginManager: Mounting plugin OnlineSubsystemUtils
LogPluginManager: Mounting plugin LauncherChunkInstaller
LogPluginManager: Mounting plugin AndroidDeviceProfileSelector
LogPluginManager: Mounting plugin AndroidMoviePlayer
LogPluginManager: Mounting plugin AndroidPermission
LogPluginManager: Mounting plugin AppleMoviePlayer
LogPluginManager: Mounting plugin ArchVisCharacter
LogPluginManager: Mounting plugin AudioCapture
LogPluginManager: Mounting plugin CableComponent
LogPluginManager: Mounting plugin CustomMeshComponent
LogPluginManager: Mounting plugin EditableMesh
LogPluginManager: Mounting plugin ExampleDeviceProfileSelector
LogPluginManager: Mounting plugin Firebase
LogPluginManager: Mounting plugin GoogleCloudMessaging
LogPluginManager: Mounting plugin IOSDeviceProfileSelector
LogPluginManager: Mounting plugin LinuxDeviceProfileSelector
LogPluginManager: Mounting plugin LocationServicesBPLibrary
LogPluginManager: Mounting plugin MobilePatchingUtils
LogPluginManager: Mounting plugin OculusVR
LogPluginManager: Mounting plugin PhysXVehicles
LogPluginManager: Mounting plugin ProceduralMeshComponent
LogPluginManager: Mounting plugin RuntimePhysXCooking
LogPluginManager: Mounting plugin SignificanceManager
LogPluginManager: Mounting plugin SteamVR
LogPluginManager: Mounting plugin WebMMoviePlayer
LogPluginManager: Mounting plugin WindowsMoviePlayer
LogInit: Using libcurl 7.55.1-DEV
LogInit:  - built for x86_64-pc-win32
LogInit:  - supports SSL with OpenSSL/1.1.1
LogInit:  - supports HTTP deflate (compression) using libz 1.2.8
LogInit:  - other features:
LogInit:      CURL_VERSION_SSL
LogInit:      CURL_VERSION_LIBZ
LogInit:      CURL_VERSION_IPV6
LogInit:      CURL_VERSION_ASYNCHDNS
LogInit:      CURL_VERSION_LARGEFILE
LogInit:      CURL_VERSION_IDN
LogInit:  CurlRequestOptions (configurable via config and command line):
LogInit:  - bVerifyPeer = true  - Libcurl will verify peer certificate
LogInit:  - bUseHttpProxy = false  - Libcurl will NOT use HTTP proxy
LogInit:  - bDontReuseConnections = false  - Libcurl will reuse connections
LogInit:  - MaxHostConnections = 16  - Libcurl will limit the number of connections to a host
LogInit:  - LocalHostAddr = Default
LogInit:  - BufferSize = 65536
LogInit: WinSock: version 1.1 (2.2), MaxSocks=32767, MaxUdp=65467
LogInit: Build: ++UE4+Release-4.22-CL-7053642
LogInit: Engine Version: 4.22.3-7053642+++UE4+Release-4.22
LogInit: Compatible Engine Version: 4.22.0-5660361+++UE4+Release-4.22
LogInit: Net CL: 5660361
LogInit: OS: Windows 10 (Release 1903) (), CPU: Intel(R) Core(TM) i7-8750H CPU @ 2.20GHz, GPU: Intel(R) UHD Graphics 630
LogInit: Compiled (64-bit): Jun 18 2019 03:09:11
LogInit: Compiled with Visual C++: 19.16.27025.01
LogInit: Build Configuration: Development
LogInit: Branch Name: ++UE4+Release-4.22
LogInit: Command Line: 
LogInit: Base Directory: D:/UE_4.22/Engine/Binaries/Win64/
LogInit: Installed Engine Build: 1
LogDevObjectVersion: Number of dev versions registered: 23
LogDevObjectVersion:   Dev-Blueprints (B0D832E4-1F89-4F0D-ACCF-7EB736FD4AA2): 10
LogDevObjectVersion:   Dev-Build (E1C64328-A22C-4D53-A36C-8E866417BD8C): 0
LogDevObjectVersion:   Dev-Core (375EC13C-06E4-48FB-B500-84F0262A717E): 3
LogDevObjectVersion:   Dev-Editor (E4B068ED-F494-42E9-A231-DA0B2E46BB41): 30
LogDevObjectVersion:   Dev-Framework (CFFC743F-43B0-4480-9391-14DF171D2073): 35
LogDevObjectVersion:   Dev-Mobile (B02B49B5-BB20-44E9-A304-32B752E40360): 2
LogDevObjectVersion:   Dev-Networking (A4E4105C-59A1-49B5-A7C5-40C4547EDFEE): 0
LogDevObjectVersion:   Dev-Online (39C831C9-5AE6-47DC-9A44-9C173E1C8E7C): 0
LogDevObjectVersion:   Dev-Physics (78F01B33-EBEA-4F98-B9B4-84EACCB95AA2): 0
LogDevObjectVersion:   Dev-Platform (6631380F-2D4D-43E0-8009-CF276956A95A): 0
LogDevObjectVersion:   Dev-Rendering (12F88B9F-8875-4AFC-A67C-D90C383ABD29): 28
LogDevObjectVersion:   Dev-Sequencer (7B5AE74C-D270-4C10-A958-57980B212A5A): 11
LogDevObjectVersion:   Dev-VR (D7296918-1DD6-4BDD-9DE2-64A83CC13884): 2
LogDevObjectVersion:   Dev-LoadTimes (C2A15278-BFE7-4AFE-6C17-90FF531DF755): 1
LogDevObjectVersion:   Private-Geometry (6EACA3D4-40EC-4CC1-B786-8BED09428FC5): 3
LogDevObjectVersion:   Dev-AnimPhys (29E575DD-E0A3-4627-9D10-D276232CDCEA): 17
LogDevObjectVersion:   Dev-Anim (AF43A65D-7FD3-4947-9873-3E8ED9C1BB05): 2
LogDevObjectVersion:   Dev-ReflectionCapture (6B266CEC-1EC7-4B8F-A30B-E4D90942FC07): 1
LogDevObjectVersion:   Dev-Automation (0DF73D61-A23F-47EA-B727-89E90C41499A): 1
LogDevObjectVersion:   FortniteMain (601D1886-AC64-4F84-AA16-D3DE0DEAC7D6): 25
LogDevObjectVersion:   Dev-Enterprise (9DFFBCD6-494F-0158-E221-12823C92A888): 6
LogDevObjectVersion:   Dev-Niagara (F2AED0AC-9AFE-416F-8664-AA7FFA26D6FC): 1
LogDevObjectVersion:   Dev-Destruction (174F1F0B-B4C6-45A5-B13F-2EE8D0FB917D): 2
LogInit: Presizing for max 16777216 objects, including 0 objects not considered by GC, pre-allocating 0 bytes for permanent pool.
LogInit: Object subsystem initialized
LogConfig: Setting CVar [[con.DebugEarlyDefault:1]]
LogConfig: Setting CVar [[r.setres:1280x720]]
[2019.12.05-22.22.33:496][  0]LogConfig: Setting CVar [[r.VSync:0]]
[2019.12.05-22.22.33:496][  0]LogConfig: Setting CVar [[r.RHICmdBypass:0]]
[2019.12.05-22.22.33:496][  0]LogConfig: Applying CVar settings from Section [/Script/Engine.RendererSettings] File [D:/GitHub/Warzone_project/BattleZone/Saved/Config/Windows/Engine.ini]
[2019.12.05-22.22.33:496][  0]LogConfig: Setting CVar [[r.GPUCrashDebugging:0]]
[2019.12.05-22.22.33:496][  0]LogConfig: Applying CVar settings from Section [/Script/Engine.RendererOverrideSettings] File [D:/GitHub/Warzone_project/BattleZone/Saved/Config/Windows/Engine.ini]
[2019.12.05-22.22.33:496][  0]LogConfig: Applying CVar settings from Section [/Script/Engine.StreamingSettings] File [D:/GitHub/Warzone_project/BattleZone/Saved/Config/Windows/Engine.ini]
[2019.12.05-22.22.33:496][  0]LogConfig: Setting CVar [[s.MinBulkDataSizeForAsyncLoading:131072]]
[2019.12.05-22.22.33:496][  0]LogConfig: Setting CVar [[s.AsyncLoadingThreadEnabled:0]]
[2019.12.05-22.22.33:496][  0]LogConfig: Setting CVar [[s.EventDrivenLoaderEnabled:1]]
[2019.12.05-22.22.33:496][  0]LogConfig: Setting CVar [[s.WarnIfTimeLimitExceeded:0]]
[2019.12.05-22.22.33:496][  0]LogConfig: Setting CVar [[s.TimeLimitExceededMultiplier:1.5]]
[2019.12.05-22.22.33:496][  0]LogConfig: Setting CVar [[s.TimeLimitExceededMinTime:0.005]]
[2019.12.05-22.22.33:497][  0]LogConfig: Setting CVar [[s.UseBackgroundLevelStreaming:1]]
[2019.12.05-22.22.33:497][  0]LogConfig: Setting CVar [[s.PriorityAsyncLoadingExtraTime:15.0]]
[2019.12.05-22.22.33:497][  0]LogConfig: Setting CVar [[s.LevelStreamingActorsUpdateTimeLimit:5.0]]
[2019.12.05-22.22.33:497][  0]LogConfig: Setting CVar [[s.PriorityLevelStreamingActorsUpdateExtraTime:5.0]]
[2019.12.05-22.22.33:497][  0]LogConfig: Setting CVar [[s.LevelStreamingComponentsRegistrationGranularity:10]]
[2019.12.05-22.22.33:497][  0]LogConfig: Setting CVar [[s.UnregisterComponentsTimeLimit:1.0]]
[2019.12.05-22.22.33:497][  0]LogConfig: Setting CVar [[s.LevelStreamingComponentsUnregistrationGranularity:5]]
[2019.12.05-22.22.33:497][  0]LogConfig: Applying CVar settings from Section [/Script/Engine.GarbageCollectionSettings] File [D:/GitHub/Warzone_project/BattleZone/Saved/Config/Windows/Engine.ini]
[2019.12.05-22.22.33:497][  0]LogConfig: Setting CVar [[gc.MaxObjectsNotConsideredByGC:1]]
[2019.12.05-22.22.33:497][  0]LogConfig: Setting CVar [[gc.SizeOfPermanentObjectPool:0]]
[2019.12.05-22.22.33:497][  0]LogConfig: Setting CVar [[gc.FlushStreamingOnGC:0]]
[2019.12.05-22.22.33:497][  0]LogConfig: Setting CVar [[gc.NumRetriesBeforeForcingGC:10]]
[2019.12.05-22.22.33:497][  0]LogConfig: Setting CVar [[gc.AllowParallelGC:1]]
[2019.12.05-22.22.33:497][  0]LogConfig: Setting CVar [[gc.TimeBetweenPurgingPendingKillObjects:61.1]]
[2019.12.05-22.22.33:497][  0]LogConfig: Setting CVar [[gc.MaxObjectsInEditor:16777216]]
[2019.12.05-22.22.33:497][  0]LogConfig: Setting CVar [[gc.IncrementalBeginDestroyEnabled:1]]
[2019.12.05-22.22.33:497][  0]LogConfig: Setting CVar [[gc.CreateGCClusters:1]]
[2019.12.05-22.22.33:497][  0]LogConfig: Setting CVar [[gc.MinGCClusterSize:5]]
[2019.12.05-22.22.33:497][  0]LogConfig: Setting CVar [[gc.ActorClusteringEnabled:0]]
[2019.12.05-22.22.33:497][  0]LogConfig: Setting CVar [[gc.BlueprintClusteringEnabled:0]]
[2019.12.05-22.22.33:497][  0]LogConfig: Setting CVar [[gc.UseDisregardForGCOnDedicatedServers:0]]
[2019.12.05-22.22.33:497][  0]LogConfig: Applying CVar settings from Section [/Script/Engine.NetworkSettings] File [D:/GitHub/Warzone_project/BattleZone/Saved/Config/Windows/Engine.ini]
[2019.12.05-22.22.33:497][  0]LogConfig: Applying CVar settings from Section [/Script/UnrealEd.CookerSettings] File [D:/GitHub/Warzone_project/BattleZone/Saved/Config/Windows/Engine.ini]
[2019.12.05-22.22.33:780][  0]LogConfig: Applying CVar settings from Section [ViewDistanceQuality@3] File [D:/GitHub/Warzone_project/BattleZone/Saved/Config/Windows/Scalability.ini]
[2019.12.05-22.22.33:780][  0]LogConfig: Setting CVar [[r.SkeletalMeshLODBias:0]]
[2019.12.05-22.22.33:780][  0]LogConfig: Setting CVar [[r.ViewDistanceScale:1.0]]
[2019.12.05-22.22.33:780][  0]LogConfig: Applying CVar settings from Section [AntiAliasingQuality@3] File [D:/GitHub/Warzone_project/BattleZone/Saved/Config/Windows/Scalability.ini]
[2019.12.05-22.22.33:780][  0]LogConfig: Setting CVar [[r.PostProcessAAQuality:4]]
[2019.12.05-22.22.33:780][  0]LogConfig: Applying CVar settings from Section [ShadowQuality@3] File [D:/GitHub/Warzone_project/BattleZone/Saved/Config/Windows/Scalability.ini]
[2019.12.05-22.22.33:780][  0]LogConfig: Setting CVar [[r.LightFunctionQuality:1]]
[2019.12.05-22.22.33:780][  0]LogConfig: Setting CVar [[r.ShadowQuality:5]]
[2019.12.05-22.22.33:780][  0]LogConfig: Setting CVar [[r.Shadow.CSM.MaxCascades:10]]
[2019.12.05-22.22.33:780][  0]LogConfig: Setting CVar [[r.Shadow.MaxResolution:2048]]
[2019.12.05-22.22.33:780][  0]LogConfig: Setting CVar [[r.Shadow.MaxCSMResolution:2048]]
[2019.12.05-22.22.33:780][  0]LogConfig: Setting CVar [[r.Shadow.RadiusThreshold:0.01]]
[2019.12.05-22.22.33:780][  0]LogConfig: Setting CVar [[r.Shadow.DistanceScale:1.0]]
[2019.12.05-22.22.33:780][  0]LogConfig: Setting CVar [[r.Shadow.CSM.TransitionScale:1.0]]
[2019.12.05-22.22.33:780][  0]LogConfig: Setting CVar [[r.Shadow.PreShadowResolutionFactor:1.0]]
[2019.12.05-22.22.33:780][  0]LogConfig: Setting CVar [[r.DistanceFieldShadowing:1]]
[2019.12.05-22.22.33:780][  0]LogConfig: Setting CVar [[r.DistanceFieldAO:1]]
[2019.12.05-22.22.33:780][  0]LogConfig: Setting CVar [[r.AOQuality:2]]
[2019.12.05-22.22.33:780][  0]LogConfig: Setting CVar [[r.VolumetricFog:1]]
[2019.12.05-22.22.33:780][  0]LogConfig: Setting CVar [[r.VolumetricFog.GridPixelSize:8]]
[2019.12.05-22.22.33:780][  0]LogConfig: Setting CVar [[r.VolumetricFog.GridSizeZ:128]]
[2019.12.05-22.22.33:780][  0]LogConfig: Setting CVar [[r.VolumetricFog.HistoryMissSupersampleCount:4]]
[2019.12.05-22.22.33:780][  0]LogConfig: Setting CVar [[r.LightMaxDrawDistanceScale:1]]
[2019.12.05-22.22.33:780][  0]LogConfig: Setting CVar [[r.CapsuleShadows:1]]
[2019.12.05-22.22.33:780][  0]LogConfig: Applying CVar settings from Section [PostProcessQuality@3] File [D:/GitHub/Warzone_project/BattleZone/Saved/Config/Windows/Scalability.ini]
[2019.12.05-22.22.33:780][  0]LogConfig: Setting CVar [[r.MotionBlurQuality:4]]
[2019.12.05-22.22.33:780][  0]LogConfig: Setting CVar [[r.AmbientOcclusionMipLevelFactor:0.4]]
[2019.12.05-22.22.33:780][  0]LogConfig: Setting CVar [[r.AmbientOcclusionMaxQuality:100]]
[2019.12.05-22.22.33:780][  0]LogConfig: Setting CVar [[r.AmbientOcclusionLevels:-1]]
[2019.12.05-22.22.33:780][  0]LogConfig: Setting CVar [[r.AmbientOcclusionRadiusScale:1.0]]
[2019.12.05-22.22.33:780][  0]LogConfig: Setting CVar [[r.DepthOfFieldQuality:2]]
[2019.12.05-22.22.33:780][  0]LogConfig: Setting CVar [[r.RenderTargetPoolMin:400]]
[2019.12.05-22.22.33:780][  0]LogConfig: Setting CVar [[r.LensFlareQuality:2]]
[2019.12.05-22.22.33:780][  0]LogConfig: Setting CVar [[r.SceneColorFringeQuality:1]]
[2019.12.05-22.22.33:780][  0]LogConfig: Setting CVar [[r.EyeAdaptationQuality:2]]
[2019.12.05-22.22.33:780][  0]LogConfig: Setting CVar [[r.BloomQuality:5]]
[2019.12.05-22.22.33:780][  0]LogConfig: Setting CVar [[r.FastBlurThreshold:100]]
[2019.12.05-22.22.33:780][  0]LogConfig: Setting CVar [[r.Upscale.Quality:3]]
[2019.12.05-22.22.33:780][  0]LogConfig: Setting CVar [[r.Tonemapper.GrainQuantization:1]]
[2019.12.05-22.22.33:780][  0]LogConfig: Setting CVar [[r.LightShaftQuality:1]]
[2019.12.05-22.22.33:780][  0]LogConfig: Setting CVar [[r.Filter.SizeScale:1]]
[2019.12.05-22.22.33:780][  0]LogConfig: Setting CVar [[r.Tonemapper.Quality:5]]
[2019.12.05-22.22.33:780][  0]LogConfig: Setting CVar [[r.DOF.Gather.AccumulatorQuality:1        ; higher gathering accumulator quality]]
[2019.12.05-22.22.33:780][  0]LogConfig: Setting CVar [[r.DOF.Gather.PostfilterMethod:1          ; Median3x3 postfilering method]]
[2019.12.05-22.22.33:780][  0]LogConfig: Setting CVar [[r.DOF.Gather.EnableBokehSettings:0       ; no bokeh simulation when gathering]]
[2019.12.05-22.22.33:780][  0]LogConfig: Setting CVar [[r.DOF.Gather.RingCount:4                 ; medium number of samples when gathering]]
[2019.12.05-22.22.33:780][  0]LogConfig: Setting CVar [[r.DOF.Scatter.ForegroundCompositing:1    ; additive foreground scattering]]
[2019.12.05-22.22.33:781][  0]LogConfig: Setting CVar [[r.DOF.Scatter.BackgroundCompositing:2    ; additive background scattering]]
[2019.12.05-22.22.33:781][  0]LogConfig: Setting CVar [[r.DOF.Scatter.EnableBokehSettings:1      ; bokeh simulation when scattering]]
[2019.12.05-22.22.33:781][  0]LogConfig: Setting CVar [[r.DOF.Scatter.MaxSpriteRatio:0.1         ; only a maximum of 10% of scattered bokeh]]
[2019.12.05-22.22.33:781][  0]LogConfig: Setting CVar [[r.DOF.Recombine.Quality:1                ; cheap slight out of focus]]
[2019.12.05-22.22.33:781][  0]LogConfig: Setting CVar [[r.DOF.Recombine.EnableBokehSettings:0    ; no bokeh simulation on slight out of focus]]
[2019.12.05-22.22.33:781][  0]LogConfig: Setting CVar [[r.DOF.TemporalAAQuality:1                ; more stable temporal accumulation]]
[2019.12.05-22.22.33:781][  0]LogConfig: Setting CVar [[r.DOF.Kernel.MaxForegroundRadius:0.025]]
[2019.12.05-22.22.33:781][  0]LogConfig: Setting CVar [[r.DOF.Kernel.MaxBackgroundRadius:0.025]]
[2019.12.05-22.22.33:781][  0]LogConfig: Applying CVar settings from Section [TextureQuality@3] File [D:/GitHub/Warzone_project/BattleZone/Saved/Config/Windows/Scalability.ini]
[2019.12.05-22.22.33:781][  0]LogConfig: Setting CVar [[r.Streaming.MipBias:0]]
[2019.12.05-22.22.33:781][  0]LogConfig: Setting CVar [[r.Streaming.AmortizeCPUToGPUCopy:0]]
[2019.12.05-22.22.33:781][  0]LogConfig: Setting CVar [[r.Streaming.MaxNumTexturesToStreamPerFrame:0]]
[2019.12.05-22.22.33:781][  0]LogConfig: Setting CVar [[r.Streaming.Boost:1]]
[2019.12.05-22.22.33:781][  0]LogConfig: Setting CVar [[r.MaxAnisotropy:8]]
[2019.12.05-22.22.33:781][  0]LogConfig: Setting CVar [[r.Streaming.LimitPoolSizeToVRAM:0]]
[2019.12.05-22.22.33:781][  0]LogConfig: Setting CVar [[r.Streaming.PoolSize:1000]]
[2019.12.05-22.22.33:781][  0]LogConfig: Setting CVar [[r.Streaming.MaxEffectiveScreenSize:0]]
[2019.12.05-22.22.33:781][  0]LogConfig: Applying CVar settings from Section [EffectsQuality@3] File [D:/GitHub/Warzone_project/BattleZone/Saved/Config/Windows/Scalability.ini]
[2019.12.05-22.22.33:781][  0]LogConfig: Setting CVar [[r.TranslucencyLightingVolumeDim:64]]
[2019.12.05-22.22.33:781][  0]LogConfig: Setting CVar [[r.RefractionQuality:2]]
[2019.12.05-22.22.33:781][  0]LogConfig: Setting CVar [[r.SSR.Quality:3]]
[2019.12.05-22.22.33:781][  0]LogConfig: Setting CVar [[r.SceneColorFormat:4]]
[2019.12.05-22.22.33:781][  0]LogConfig: Setting CVar [[r.DetailMode:2]]
[2019.12.05-22.22.33:781][  0]LogConfig: Setting CVar [[r.TranslucencyVolumeBlur:1]]
[2019.12.05-22.22.33:781][  0]LogConfig: Setting CVar [[r.MaterialQualityLevel:1 ; High quality]]
[2019.12.05-22.22.33:781][  0]LogConfig: Setting CVar [[r.SSS.Scale:1]]
[2019.12.05-22.22.33:781][  0]LogConfig: Setting CVar [[r.SSS.SampleSet:2]]
[2019.12.05-22.22.33:781][  0]LogConfig: Setting CVar [[r.SSS.Quality:1]]
[2019.12.05-22.22.33:781][  0]LogConfig: Setting CVar [[r.SSS.HalfRes:1]]
[2019.12.05-22.22.33:781][  0]LogConfig: Setting CVar [[r.EmitterSpawnRateScale:1.0]]
[2019.12.05-22.22.33:781][  0]LogConfig: Setting CVar [[r.ParticleLightQuality:2]]
[2019.12.05-22.22.33:781][  0]LogConfig: Applying CVar settings from Section [FoliageQuality@3] File [D:/GitHub/Warzone_project/BattleZone/Saved/Config/Windows/Scalability.ini]
[2019.12.05-22.22.33:781][  0]LogConfig: Setting CVar [[foliage.DensityScale:1.0]]
[2019.12.05-22.22.33:781][  0]LogConfig: Setting CVar [[grass.DensityScale:1.0]]
[2019.12.05-22.22.33:808][  0]LogInit: Selected Device Profile: [Windows]
[2019.12.05-22.22.33:808][  0]LogInit: Applying CVar settings loaded from the selected device profile: [Windows]
[2019.12.05-22.22.34:133][  0]LogHAL: Display: Platform has ~ 16 GB [17052700672 / 17179869184 / 16], which maps to Larger [LargestMinGB=32, LargerMinGB=12, DefaultMinGB=8, SmallerMinGB=6, SmallestMinGB=0)
[2019.12.05-22.22.34:134][  0]LogConfig: Setting CVar [[r.Vulkan.UseRealUBs:0		; Required until we fix HLR fall-out]]
[2019.12.05-22.22.34:134][  0]LogInit: Going up to parent DeviceProfile []
[2019.12.05-22.22.34:135][  0]LogConfig: Applying CVar settings from Section [ViewDistanceQuality@3] File [D:/GitHub/Warzone_project/BattleZone/Saved/Config/Windows/Scalability.ini]
[2019.12.05-22.22.34:135][  0]LogConfig: Setting CVar [[r.SkeletalMeshLODBias:0]]
[2019.12.05-22.22.34:135][  0]LogConfig: Setting CVar [[r.ViewDistanceScale:1.0]]
[2019.12.05-22.22.34:135][  0]LogConfig: Applying CVar settings from Section [AntiAliasingQuality@3] File [D:/GitHub/Warzone_project/BattleZone/Saved/Config/Windows/Scalability.ini]
[2019.12.05-22.22.34:135][  0]LogConfig: Setting CVar [[r.PostProcessAAQuality:4]]
[2019.12.05-22.22.34:135][  0]LogConfig: Applying CVar settings from Section [ShadowQuality@3] File [D:/GitHub/Warzone_project/BattleZone/Saved/Config/Windows/Scalability.ini]
[2019.12.05-22.22.34:135][  0]LogConfig: Setting CVar [[r.LightFunctionQuality:1]]
[2019.12.05-22.22.34:135][  0]LogConfig: Setting CVar [[r.ShadowQuality:5]]
[2019.12.05-22.22.34:135][  0]LogConfig: Setting CVar [[r.Shadow.CSM.MaxCascades:10]]
[2019.12.05-22.22.34:135][  0]LogConfig: Setting CVar [[r.Shadow.MaxResolution:2048]]
[2019.12.05-22.22.34:135][  0]LogConfig: Setting CVar [[r.Shadow.MaxCSMResolution:2048]]
[2019.12.05-22.22.34:135][  0]LogConfig: Setting CVar [[r.Shadow.RadiusThreshold:0.01]]
[2019.12.05-22.22.34:135][  0]LogConfig: Setting CVar [[r.Shadow.DistanceScale:1.0]]
[2019.12.05-22.22.34:135][  0]LogConfig: Setting CVar [[r.Shadow.CSM.TransitionScale:1.0]]
[2019.12.05-22.22.34:135][  0]LogConfig: Setting CVar [[r.Shadow.PreShadowResolutionFactor:1.0]]
[2019.12.05-22.22.34:135][  0]LogConfig: Setting CVar [[r.DistanceFieldShadowing:1]]
[2019.12.05-22.22.34:135][  0]LogConfig: Setting CVar [[r.DistanceFieldAO:1]]
[2019.12.05-22.22.34:135][  0]LogConfig: Setting CVar [[r.AOQuality:2]]
[2019.12.05-22.22.34:135][  0]LogConfig: Setting CVar [[r.VolumetricFog:1]]
[2019.12.05-22.22.34:135][  0]LogConfig: Setting CVar [[r.VolumetricFog.GridPixelSize:8]]
[2019.12.05-22.22.34:135][  0]LogConfig: Setting CVar [[r.VolumetricFog.GridSizeZ:128]]
[2019.12.05-22.22.34:135][  0]LogConfig: Setting CVar [[r.VolumetricFog.HistoryMissSupersampleCount:4]]
[2019.12.05-22.22.34:135][  0]LogConfig: Setting CVar [[r.LightMaxDrawDistanceScale:1]]
[2019.12.05-22.22.34:135][  0]LogConfig: Setting CVar [[r.CapsuleShadows:1]]
[2019.12.05-22.22.34:135][  0]LogConfig: Applying CVar settings from Section [PostProcessQuality@3] File [D:/GitHub/Warzone_project/BattleZone/Saved/Config/Windows/Scalability.ini]
[2019.12.05-22.22.34:135][  0]LogConfig: Setting CVar [[r.MotionBlurQuality:4]]
[2019.12.05-22.22.34:135][  0]LogConfig: Setting CVar [[r.AmbientOcclusionMipLevelFactor:0.4]]
[2019.12.05-22.22.34:135][  0]LogConfig: Setting CVar [[r.AmbientOcclusionMaxQuality:100]]
[2019.12.05-22.22.34:135][  0]LogConfig: Setting CVar [[r.AmbientOcclusionLevels:-1]]
[2019.12.05-22.22.34:135][  0]LogConfig: Setting CVar [[r.AmbientOcclusionRadiusScale:1.0]]
[2019.12.05-22.22.34:135][  0]LogConfig: Setting CVar [[r.DepthOfFieldQuality:2]]
[2019.12.05-22.22.34:135][  0]LogConfig: Setting CVar [[r.RenderTargetPoolMin:400]]
[2019.12.05-22.22.34:135][  0]LogConfig: Setting CVar [[r.LensFlareQuality:2]]
[2019.12.05-22.22.34:135][  0]LogConfig: Setting CVar [[r.SceneColorFringeQuality:1]]
[2019.12.05-22.22.34:135][  0]LogConfig: Setting CVar [[r.EyeAdaptationQuality:2]]
[2019.12.05-22.22.34:135][  0]LogConfig: Setting CVar [[r.BloomQuality:5]]
[2019.12.05-22.22.34:135][  0]LogConfig: Setting CVar [[r.FastBlurThreshold:100]]
[2019.12.05-22.22.34:135][  0]LogConfig: Setting CVar [[r.Upscale.Quality:3]]
[2019.12.05-22.22.34:135][  0]LogConfig: Setting CVar [[r.Tonemapper.GrainQuantization:1]]
[2019.12.05-22.22.34:135][  0]LogConfig: Setting CVar [[r.LightShaftQuality:1]]
[2019.12.05-22.22.34:135][  0]LogConfig: Setting CVar [[r.Filter.SizeScale:1]]
[2019.12.05-22.22.34:135][  0]LogConfig: Setting CVar [[r.Tonemapper.Quality:5]]
[2019.12.05-22.22.34:135][  0]LogConfig: Setting CVar [[r.DOF.Gather.AccumulatorQuality:1        ; higher gathering accumulator quality]]
[2019.12.05-22.22.34:135][  0]LogConfig: Setting CVar [[r.DOF.Gather.PostfilterMethod:1          ; Median3x3 postfilering method]]
[2019.12.05-22.22.34:135][  0]LogConfig: Setting CVar [[r.DOF.Gather.EnableBokehSettings:0       ; no bokeh simulation when gathering]]
[2019.12.05-22.22.34:136][  0]LogConfig: Setting CVar [[r.DOF.Gather.RingCount:4                 ; medium number of samples when gathering]]
[2019.12.05-22.22.34:136][  0]LogConfig: Setting CVar [[r.DOF.Scatter.ForegroundCompositing:1    ; additive foreground scattering]]
[2019.12.05-22.22.34:136][  0]LogConfig: Setting CVar [[r.DOF.Scatter.BackgroundCompositing:2    ; additive background scattering]]
[2019.12.05-22.22.34:136][  0]LogConfig: Setting CVar [[r.DOF.Scatter.EnableBokehSettings:1      ; bokeh simulation when scattering]]
[2019.12.05-22.22.34:136][  0]LogConfig: Setting CVar [[r.DOF.Scatter.MaxSpriteRatio:0.1         ; only a maximum of 10% of scattered bokeh]]
[2019.12.05-22.22.34:136][  0]LogConfig: Setting CVar [[r.DOF.Recombine.Quality:1                ; cheap slight out of focus]]
[2019.12.05-22.22.34:136][  0]LogConfig: Setting CVar [[r.DOF.Recombine.EnableBokehSettings:0    ; no bokeh simulation on slight out of focus]]
[2019.12.05-22.22.34:136][  0]LogConfig: Setting CVar [[r.DOF.TemporalAAQuality:1                ; more stable temporal accumulation]]
[2019.12.05-22.22.34:136][  0]LogConfig: Setting CVar [[r.DOF.Kernel.MaxForegroundRadius:0.025]]
[2019.12.05-22.22.34:136][  0]LogConfig: Setting CVar [[r.DOF.Kernel.MaxBackgroundRadius:0.025]]
[2019.12.05-22.22.34:136][  0]LogConfig: Applying CVar settings from Section [TextureQuality@3] File [D:/GitHub/Warzone_project/BattleZone/Saved/Config/Windows/Scalability.ini]
[2019.12.05-22.22.34:136][  0]LogConfig: Setting CVar [[r.Streaming.MipBias:0]]
[2019.12.05-22.22.34:136][  0]LogConfig: Setting CVar [[r.Streaming.AmortizeCPUToGPUCopy:0]]
[2019.12.05-22.22.34:136][  0]LogConfig: Setting CVar [[r.Streaming.MaxNumTexturesToStreamPerFrame:0]]
[2019.12.05-22.22.34:136][  0]LogConfig: Setting CVar [[r.Streaming.Boost:1]]
[2019.12.05-22.22.34:136][  0]LogConfig: Setting CVar [[r.MaxAnisotropy:8]]
[2019.12.05-22.22.34:136][  0]LogConfig: Setting CVar [[r.Streaming.LimitPoolSizeToVRAM:0]]
[2019.12.05-22.22.34:136][  0]LogConfig: Setting CVar [[r.Streaming.PoolSize:1000]]
[2019.12.05-22.22.34:136][  0]LogConfig: Setting CVar [[r.Streaming.MaxEffectiveScreenSize:0]]
[2019.12.05-22.22.34:136][  0]LogConfig: Applying CVar settings from Section [EffectsQuality@3] File [D:/GitHub/Warzone_project/BattleZone/Saved/Config/Windows/Scalability.ini]
[2019.12.05-22.22.34:136][  0]LogConfig: Setting CVar [[r.TranslucencyLightingVolumeDim:64]]
[2019.12.05-22.22.34:136][  0]LogConfig: Setting CVar [[r.RefractionQuality:2]]
[2019.12.05-22.22.34:136][  0]LogConfig: Setting CVar [[r.SSR.Quality:3]]
[2019.12.05-22.22.34:136][  0]LogConfig: Setting CVar [[r.SceneColorFormat:4]]
[2019.12.05-22.22.34:136][  0]LogConfig: Setting CVar [[r.DetailMode:2]]
[2019.12.05-22.22.34:136][  0]LogConfig: Setting CVar [[r.TranslucencyVolumeBlur:1]]
[2019.12.05-22.22.34:136][  0]LogConfig: Setting CVar [[r.MaterialQualityLevel:1 ; High quality]]
[2019.12.05-22.22.34:136][  0]LogConfig: Setting CVar [[r.SSS.Scale:1]]
[2019.12.05-22.22.34:136][  0]LogConfig: Setting CVar [[r.SSS.SampleSet:2]]
[2019.12.05-22.22.34:136][  0]LogConfig: Setting CVar [[r.SSS.Quality:1]]
[2019.12.05-22.22.34:136][  0]LogConfig: Setting CVar [[r.SSS.HalfRes:1]]
[2019.12.05-22.22.34:136][  0]LogConfig: Setting CVar [[r.EmitterSpawnRateScale:1.0]]
[2019.12.05-22.22.34:136][  0]LogConfig: Setting CVar [[r.ParticleLightQuality:2]]
[2019.12.05-22.22.34:136][  0]LogConfig: Applying CVar settings from Section [FoliageQuality@3] File [D:/GitHub/Warzone_project/BattleZone/Saved/Config/Windows/Scalability.ini]
[2019.12.05-22.22.34:136][  0]LogConfig: Setting CVar [[foliage.DensityScale:1.0]]
[2019.12.05-22.22.34:136][  0]LogConfig: Setting CVar [[grass.DensityScale:1.0]]
[2019.12.05-22.22.34:136][  0]LogConfig: Applying CVar settings from Section [Startup] File [../../../Engine/Config/ConsoleVariables.ini]
[2019.12.05-22.22.34:154][  0]LogConfig: Setting CVar [[net.UseAdaptiveNetUpdateFrequency:0]]
[2019.12.05-22.22.34:154][  0]LogConfig: Setting CVar [[p.chaos.AllowCreatePhysxBodies:1]]
[2019.12.05-22.22.34:154][  0]LogConfig: Applying CVar settings from Section [ConsoleVariables] File [D:/GitHub/Warzone_project/BattleZone/Saved/Config/Windows/Engine.ini]
[2019.12.05-22.22.34:193][  0]LogInit: Computer: MSI
[2019.12.05-22.22.34:193][  0]LogInit: User: Luis
[2019.12.05-22.22.34:193][  0]LogInit: CPU Page size=4096, Cores=6
[2019.12.05-22.22.34:193][  0]LogInit: High frequency timer resolution =10.000000 MHz
[2019.12.05-22.22.34:204][  0]LogMemory: Memory total: Physical=15.9GB (16GB approx)
[2019.12.05-22.22.34:204][  0]LogMemory: Platform Memory Stats for Windows
[2019.12.05-22.22.34:204][  0]LogMemory: Process Physical Memory: 97.86 MB used, 97.86 MB peak
[2019.12.05-22.22.34:204][  0]LogMemory: Process Virtual Memory: 89.80 MB used, 89.80 MB peak
[2019.12.05-22.22.34:204][  0]LogMemory: Physical Memory: 11774.79 MB used,  4487.94 MB free, 16262.72 MB total
[2019.12.05-22.22.34:204][  0]LogMemory: Virtual Memory: 4660.45 MB used,  134213064.00 MB free, 134217728.00 MB total
[2019.12.05-22.22.35:355][  0]LogInit: Using OS detected language (en-US).
[2019.12.05-22.22.35:355][  0]LogInit: Using OS detected locale (en-US).
[2019.12.05-22.22.35:539][  0]LogTextLocalizationManager: No specific localization for 'en-US' exists, so the 'en' localization will be used.
[2019.12.05-22.22.36:193][  0]LogInit: Setting process to per monitor DPI aware
[2019.12.05-22.22.37:119][  0]LogSlate: New Slate User Created.  User Index 0, Is Virtual User: 0
[2019.12.05-22.22.37:119][  0]LogSlate: Slate User Registered.  User Index 0, Is Virtual User: 0
[2019.12.05-22.22.38:210][  0]LogHMD: Failed to initialize OpenVR with code 110
[2019.12.05-22.22.38:211][  0]LogD3D11RHI: D3D11 adapters:
[2019.12.05-22.22.38:416][  0]LogD3D11RHI:    0. 'NVIDIA GeForce GTX 1060' (Feature Level 11_0)
[2019.12.05-22.22.38:416][  0]LogD3D11RHI:       6052/0/8131 MB DedicatedVideo/DedicatedSystem/SharedSystem, Outputs:2, VendorId:0x10de
[2019.12.05-22.22.38:444][  0]LogD3D11RHI:    1. 'Intel(R) UHD Graphics 630' (Feature Level 11_0)
[2019.12.05-22.22.38:444][  0]LogD3D11RHI:       128/0/8131 MB DedicatedVideo/DedicatedSystem/SharedSystem, Outputs:0, VendorId:0x8086
[2019.12.05-22.22.38:449][  0]LogD3D11RHI:    2. 'Microsoft Basic Render Driver' (Feature Level 11_0)
[2019.12.05-22.22.38:449][  0]LogD3D11RHI:       0/0/8131 MB DedicatedVideo/DedicatedSystem/SharedSystem, Outputs:0, VendorId:0x1414
[2019.12.05-22.22.38:449][  0]LogD3D11RHI: Chosen D3D11 Adapter: 0
[2019.12.05-22.22.38:484][  0]LogD3D11RHI: Creating new Direct3DDevice
[2019.12.05-22.22.38:485][  0]LogD3D11RHI:     GPU DeviceId: 0x1c20 (for the marketing name, search the web for "GPU Device Id")
[2019.12.05-22.22.38:503][  0]LogWindows: EnumDisplayDevices:
[2019.12.05-22.22.38:503][  0]LogWindows:    0. 'Intel(R) UHD Graphics 630' (P:1 D:1)
[2019.12.05-22.22.38:503][  0]LogWindows:    1. 'Intel(R) UHD Graphics 630' (P:0 D:0)
[2019.12.05-22.22.38:504][  0]LogWindows:    2. 'Intel(R) UHD Graphics 630' (P:0 D:0)
[2019.12.05-22.22.38:504][  0]LogWindows:    3. 'NVIDIA GeForce GTX 1060' (P:0 D:1)
[2019.12.05-22.22.38:504][  0]LogWindows:    4. 'NVIDIA GeForce GTX 1060' (P:0 D:0)
[2019.12.05-22.22.38:504][  0]LogWindows:    5. 'NVIDIA GeForce GTX 1060' (P:0 D:0)
[2019.12.05-22.22.38:505][  0]LogWindows:    6. 'NVIDIA GeForce GTX 1060' (P:0 D:0)
[2019.12.05-22.22.38:505][  0]LogWindows: DebugString: PrimaryIsNotTheChoosenAdapter PrimaryIsNotTheChoosenAdapter PrimaryIsNotTheChoosenAdapter FoundDriverCount:4 
[2019.12.05-22.22.38:505][  0]LogD3D11RHI:     Adapter Name: NVIDIA GeForce GTX 1060
[2019.12.05-22.22.38:505][  0]LogD3D11RHI:   Driver Version: 431.60 (internal:26.21.14.3160, unified:431.60)
[2019.12.05-22.22.38:505][  0]LogD3D11RHI:      Driver Date: 7-17-2019
[2019.12.05-22.22.38:505][  0]LogRHI: Texture pool is 4236 MB (70% of 6052 MB)
[2019.12.05-22.22.38:575][  0]LogD3D11RHI: Async texture creation enabled
[2019.12.05-22.22.39:029][  0]LogRendererCore: FGlobalReadBuffer::InitRHI
[2019.12.05-22.22.39:059][  0]LogRendererCore: FGlobalReadBuffer::InitRHI
[2019.12.05-22.22.39:059][  0]LogRendererCore: FGlobalReadBuffer::InitRHI
[2019.12.05-22.22.39:104][  0]LogD3D11RHI: GPU Timing Frequency: 1000.000000 (Debug: 2 1)
[2019.12.05-22.22.40:178][  0]LogTemp: Display: Module 'AllDesktopTargetPlatform' loaded TargetPlatform 'AllDesktop'
[2019.12.05-22.22.40:196][  0]LogTemp: Display: Module 'MacClientTargetPlatform' loaded TargetPlatform 'MacClient'
[2019.12.05-22.22.40:231][  0]LogTemp: Display: Module 'MacNoEditorTargetPlatform' loaded TargetPlatform 'MacNoEditor'
[2019.12.05-22.22.40:259][  0]LogTemp: Display: Module 'MacServerTargetPlatform' loaded TargetPlatform 'MacServer'
[2019.12.05-22.22.40:312][  0]LogTemp: Display: Module 'MacTargetPlatform' loaded TargetPlatform 'Mac'
[2019.12.05-22.22.40:344][  0]LogTemp: Display: Module 'WindowsClientTargetPlatform' loaded TargetPlatform 'WindowsClient'
[2019.12.05-22.22.40:364][  0]LogTemp: Display: Module 'WindowsNoEditorTargetPlatform' loaded TargetPlatform 'WindowsNoEditor'
[2019.12.05-22.22.40:489][  0]LogTemp: Display: Module 'WindowsServerTargetPlatform' loaded TargetPlatform 'WindowsServer'
[2019.12.05-22.22.40:518][  0]LogTemp: Display: Module 'WindowsTargetPlatform' loaded TargetPlatform 'Windows'
[2019.12.05-22.22.40:615][  0]LogTemp: Display: Module 'AndroidTargetPlatform' loaded TargetPlatform 'Android'
[2019.12.05-22.22.40:615][  0]LogTemp: Display: Module 'AndroidTargetPlatform' loaded TargetPlatform 'Android_ASTC'
[2019.12.05-22.22.40:615][  0]LogTemp: Display: Module 'AndroidTargetPlatform' loaded TargetPlatform 'Android_ATC'
[2019.12.05-22.22.40:615][  0]LogTemp: Display: Module 'AndroidTargetPlatform' loaded TargetPlatform 'Android_DXT'
[2019.12.05-22.22.40:615][  0]LogTemp: Display: Module 'AndroidTargetPlatform' loaded TargetPlatform 'Android_ETC1'
[2019.12.05-22.22.40:615][  0]LogTemp: Display: Module 'AndroidTargetPlatform' loaded TargetPlatform 'Android_ETC1a'
[2019.12.05-22.22.40:615][  0]LogTemp: Display: Module 'AndroidTargetPlatform' loaded TargetPlatform 'Android_ETC2'
[2019.12.05-22.22.40:615][  0]LogTemp: Display: Module 'AndroidTargetPlatform' loaded TargetPlatform 'Android_PVRTC'
[2019.12.05-22.22.40:615][  0]LogTemp: Display: Module 'AndroidTargetPlatform' loaded TargetPlatform 'AndroidClient'
[2019.12.05-22.22.40:615][  0]LogTemp: Display: Module 'AndroidTargetPlatform' loaded TargetPlatform 'Android_ASTCClient'
[2019.12.05-22.22.40:615][  0]LogTemp: Display: Module 'AndroidTargetPlatform' loaded TargetPlatform 'Android_ATCClient'
[2019.12.05-22.22.40:615][  0]LogTemp: Display: Module 'AndroidTargetPlatform' loaded TargetPlatform 'Android_DXTClient'
[2019.12.05-22.22.40:615][  0]LogTemp: Display: Module 'AndroidTargetPlatform' loaded TargetPlatform 'Android_ETC1Client'
[2019.12.05-22.22.40:615][  0]LogTemp: Display: Module 'AndroidTargetPlatform' loaded TargetPlatform 'Android_ETC1aClient'
[2019.12.05-22.22.40:615][  0]LogTemp: Display: Module 'AndroidTargetPlatform' loaded TargetPlatform 'Android_ETC2Client'
[2019.12.05-22.22.40:615][  0]LogTemp: Display: Module 'AndroidTargetPlatform' loaded TargetPlatform 'Android_PVRTCClient'
[2019.12.05-22.22.40:615][  0]LogTemp: Display: Module 'AndroidTargetPlatform' loaded TargetPlatform 'Android_Multi'
[2019.12.05-22.22.40:615][  0]LogTemp: Display: Module 'AndroidTargetPlatform' loaded TargetPlatform 'Android_MultiClient'
[2019.12.05-22.22.40:634][  0]LogTemp: Display: Module 'HTML5TargetPlatform' loaded TargetPlatform 'HTML5'
[2019.12.05-22.22.40:874][  0]LogTemp: Display: Module 'IOSTargetPlatform' loaded TargetPlatform 'IOSClient'
[2019.12.05-22.22.40:875][  0]LogTemp: Display: Module 'IOSTargetPlatform' loaded TargetPlatform 'IOS'
[2019.12.05-22.22.40:911][  0]LogTemp: Display: Module 'TVOSTargetPlatform' loaded TargetPlatform 'TVOSClient'
[2019.12.05-22.22.40:911][  0]LogTemp: Display: Module 'TVOSTargetPlatform' loaded TargetPlatform 'TVOS'
[2019.12.05-22.22.40:932][  0]LogTemp: Display: Module 'LinuxClientTargetPlatform' loaded TargetPlatform 'LinuxClient'
[2019.12.05-22.22.40:977][  0]LogTemp: Display: Module 'LinuxNoEditorTargetPlatform' loaded TargetPlatform 'LinuxNoEditor'
[2019.12.05-22.22.40:990][  0]LogTemp: Display: Module 'LinuxServerTargetPlatform' loaded TargetPlatform 'LinuxServer'
[2019.12.05-22.22.41:108][  0]LogTemp: Display: Module 'LinuxTargetPlatform' loaded TargetPlatform 'Linux'
[2019.12.05-22.22.41:189][  0]LogTemp: Display: Module 'LuminTargetPlatform' loaded TargetPlatform 'Lumin'
[2019.12.05-22.22.41:189][  0]LogTemp: Display: Module 'LuminTargetPlatform' loaded TargetPlatform 'LuminClient'
[2019.12.05-22.22.41:189][  0]LogTargetPlatformManager: Display: Building Assets For Windows
[2019.12.05-22.22.41:308][  0]LogAudioDebug: Display: Lib vorbis DLL was dynamically loaded.
[2019.12.05-22.22.41:897][  0]LogShaderCompilers: Guid format shader working directory is -1 characters bigger than the processId version (../../../../GitHub/Warzone_project/BattleZone/Intermediate/Shaders/WorkingDirectory/44316/).
[2019.12.05-22.22.41:898][  0]LogShaderCompilers: Cleaned the shader compiler working directory 'C:/Users/Luis/AppData/Local/Temp/UnrealShaderWorkingDir/BACB5D5F460F49781A7487A69EA63008/'.
[2019.12.05-22.22.41:921][  0]LogXGEController: Cleaning working directory: C:/Users/Luis/AppData/Local/Temp/UnrealXGEWorkingDir/
[2019.12.05-22.22.41:922][  0]LogXGEController: Cannot use XGE Controller as Incredibuild is not installed on this machine.
[2019.12.05-22.22.41:922][  0]LogShaderCompilers: Cannot use XGE Shader Compiler as Incredibuild is not installed on this machine.
[2019.12.05-22.22.41:922][  0]LogShaderCompilers: Display: Using Local Shader Compiler.
[2019.12.05-22.22.44:102][  0]LogDerivedDataCache: Display: Max Cache Size: 512 MB
[2019.12.05-22.22.44:364][  0]LogDerivedDataCache: Loaded boot cache 0.26s 71MB C:/Users/Luis/AppData/Local/UnrealEngine/4.22/DerivedDataCache/Boot.ddc.
[2019.12.05-22.22.44:364][  0]LogDerivedDataCache: Display: Loaded Boot cache: C:/Users/Luis/AppData/Local/UnrealEngine/4.22/DerivedDataCache/Boot.ddc
[2019.12.05-22.22.44:364][  0]LogDerivedDataCache: FDerivedDataBackendGraph:  Pak pak cache file ../../../../GitHub/Warzone_project/BattleZone/DerivedDataCache/DDC.ddp not found, will not use a pak cache.
[2019.12.05-22.22.44:364][  0]LogDerivedDataCache: Unable to find inner node Pak for hierarchical cache Hierarchy.
[2019.12.05-22.22.44:364][  0]LogDerivedDataCache: FDerivedDataBackendGraph:  CompressedPak pak cache file ../../../../GitHub/Warzone_project/BattleZone/DerivedDataCache/Compressed.ddp not found, will not use a pak cache.
[2019.12.05-22.22.44:364][  0]LogDerivedDataCache: Unable to find inner node CompressedPak for hierarchical cache Hierarchy.
[2019.12.05-22.22.44:436][  0]LogDerivedDataCache: Display: Pak cache opened for reading ../../../Engine/DerivedDataCache/Compressed.ddp.
[2019.12.05-22.22.44:436][  0]LogDerivedDataCache: FDerivedDataBackendGraph:  EnterprisePak pak cache file ../../../Enterprise/DerivedDataCache/Compressed.ddp not found, will not use a pak cache.
[2019.12.05-22.22.44:436][  0]LogDerivedDataCache: Unable to find inner node EnterprisePak for hierarchical cache Hierarchy.
[2019.12.05-22.22.44:450][  0]LogDerivedDataCache: Using Local data cache path C:/Users/Luis/AppData/Local/UnrealEngine/Common/DerivedDataCache: Writable
[2019.12.05-22.22.44:450][  0]LogDerivedDataCache: Shared data cache path not found in *engine.ini, will not use an Shared cache.
[2019.12.05-22.22.44:450][  0]LogDerivedDataCache: Unable to find inner node Shared for hierarchical cache Hierarchy.
[2019.12.05-22.22.44:519][  0]LogMaterial: Verifying Global Shaders for PCD3D_SM5
[2019.12.05-22.22.44:764][  0]LogSlate: Using FreeType 2.6.0
[2019.12.05-22.22.44:877][  0]LogSlate: SlateFontServices - WITH_FREETYPE: 1, WITH_HARFBUZZ: 1
[2019.12.05-22.22.45:847][  0]LogAssetRegistry: FAssetRegistry took 0.0559 seconds to start up
[2019.12.05-22.22.52:757][  0]LogInit: Selected Device Profile: [Windows]
[2019.12.05-22.22.54:290][  0]LogMeshReduction: Using QuadricMeshReduction for automatic static mesh reduction
[2019.12.05-22.22.54:290][  0]LogMeshReduction: Using SimplygonMeshReduction for automatic skeletal mesh reduction
[2019.12.05-22.22.54:290][  0]LogMeshReduction: Using ProxyLODMeshReduction for automatic mesh merging
[2019.12.05-22.22.54:290][  0]LogMeshReduction: No distributed automatic mesh merging module available
[2019.12.05-22.22.54:290][  0]LogMeshMerging: No distributed automatic mesh merging module available
[2019.12.05-22.22.54:724][  0]LogNetVersion: BattleZone 1.0.0, NetCL: 5660361, EngineNetVer: 10, GameNetVer: 0 (Checksum: 2892456896)
[2019.12.05-22.23.00:091][  0]LogPackageLocalizationCache: Processed 10 localized package path(s) for 1 prioritized culture(s) in 0.122344 seconds
[2019.12.05-22.23.00:144][  0]LogUObjectArray: 42205 objects as part of root set at end of initial load.
[2019.12.05-22.23.00:144][  0]LogUObjectAllocator: 7325032 out of 0 bytes used by permanent object pool.
[2019.12.05-22.23.00:144][  0]LogUObjectArray: CloseDisregardForGC: 0/0 objects in disregard for GC pool
[2019.12.05-22.23.14:662][  0]LogTcpMessaging: Initializing TcpMessaging bridge
[2019.12.05-22.23.14:859][  0]LogUdpMessaging: Initializing bridge on interface 0.0.0.0:0 to multicast group 230.0.0.1:6666.
[2019.12.05-22.23.15:790][  0]SourceControl: Source control is disabled
[2019.12.05-22.23.15:791][  0]SourceControl: Source control is disabled
[2019.12.05-22.23.16:008][  0]SourceControl: Source control is disabled
[2019.12.05-22.23.16:034][  0]SourceControl: Source control is disabled
[2019.12.05-22.23.17:391][  0]LogAndroidPermission: UAndroidPermissionCallbackProxy::GetInstance
[2019.12.05-22.23.18:442][  0]LogOcInput: OculusInput pre-init called
[2019.12.05-22.23.21:477][  0]LogEngine: Initializing Engine...
[2019.12.05-22.23.21:649][  0]LogHMD: Failed to initialize OpenVR with code 110
[2019.12.05-22.23.21:690][  0]LogStats: UGameplayTagsManager::InitializeManager -  0.028 s
[2019.12.05-22.23.22:696][  0]LogInit: Initializing FReadOnlyCVARCache
[2019.12.05-22.23.23:622][  0]LogAIModule: Creating AISystem for world Untitled
[2019.12.05-22.23.24:032][  0]LogInit: XAudio2 using 'ROG PG248Q (NVIDIA High Definition Audio)' : 2 channels at 48 kHz using 16 bits per sample (channel mask 0x3)
[2019.12.05-22.23.24:066][  0]LogInit: FAudioDevice initialized.
[2019.12.05-22.23.24:082][  0]LogNetVersion: Set ProjectVersion to 1.0.0.0. Version Checksum will be recalculated on next use.
[2019.12.05-22.23.24:239][  0]LogDerivedDataCache: Saved boot cache 0.16s 71MB C:/Users/Luis/AppData/Local/UnrealEngine/4.22/DerivedDataCache/Boot.ddc.
[2019.12.05-22.23.24:245][  0]LogInit: Texture streaming: Enabled
[2019.12.05-22.23.24:560][  0]LogEngineSessionManager: EngineSessionManager initialized
[2019.12.05-22.23.25:008][  0]LogInit: Transaction tracking system initialized
[2019.12.05-22.23.25:755][  0]BlueprintLog: New page: Editor Load
[2019.12.05-22.23.28:051][  0]LocalizationService: Localization service is disabled
[2019.12.05-22.23.32:249][  0]LogFileCache: Scanning file cache for directory 'D:/GitHub/Warzone_project/BattleZone/Content/' took 0.04s
[2019.12.05-22.23.32:249][  0]LogCook: Display: Max memory allowance for cook 16384mb min free memory 0mb
[2019.12.05-22.23.32:249][  0]LogCook: Display: Mobile HDR setting 1
[2019.12.05-22.23.35:487][  0]SourceControl: Source control is disabled
[2019.12.05-22.23.35:515][  0]Cmd: MAP LOAD FILE="../../../../GitHub/Warzone_project/BattleZone/Content/FirstPersonBP/Maps/FirstPersonExampleMap.umap" TEMPLATE=0 SHOWPROGRESS=1 FEATURELEVEL=3
[2019.12.05-22.23.35:586][  0]LightingResults: New page: Lighting Build
[2019.12.05-22.23.35:957][  0]MapCheck: New page: Map Check
[2019.12.05-22.23.35:957][  0]LightingResults: New page: Lighting Build
[2019.12.05-22.23.36:514][  0]LogUObjectHash: Compacting FUObjectHashTables data took  13.11ms
[2019.12.05-22.23.39:396][  0]LogAIModule: Creating AISystem for world FirstPersonExampleMap
[2019.12.05-22.23.40:395][  0]LogEditorServer: Finished looking for orphan Actors (0.000 secs)
[2019.12.05-22.23.40:530][  0]LogUObjectHash: Compacting FUObjectHashTables data took   1.93ms
[2019.12.05-22.23.40:530][  0]Cmd: MAP CHECKDEP NOCLEARLOG
[2019.12.05-22.23.40:691][  0]MapCheck: Map check complete: 0 Error(s), 0 Warning(s), took 143.115ms to complete.
[2019.12.05-22.23.40:691][  0]LogFileHelpers: Loading map 'FirstPersonExampleMap' took 5.186
[2019.12.05-22.23.42:589][  0]LogSlate: Updating window title bar state: overlay mode, drag disabled, window buttons hidden, title bar hidden
[2019.12.05-22.23.42:618][  0]LogSlate: Updating window title bar state: overlay mode, drag disabled, window buttons hidden, title bar hidden
[2019.12.05-22.23.42:625][  0]LogSlate: Updating window title bar state: overlay mode, drag disabled, window buttons hidden, title bar hidden
[2019.12.05-22.23.42:634][  0]LogSlate: Updating window title bar state: overlay mode, drag disabled, window buttons hidden, title bar hidden
[2019.12.05-22.23.42:823][  0]LogCollectionManager: Loaded 0 collections in 0.000752 seconds
[2019.12.05-22.23.42:975][  0]LogFileCache: Scanning file cache for directory 'D:/GitHub/Warzone_project/BattleZone/Saved/Collections/' took 0.01s
[2019.12.05-22.23.42:975][  0]LogFileCache: Scanning file cache for directory 'D:/GitHub/Warzone_project/BattleZone/Content/Developers/Luis/Collections/' took 0.01s
[2019.12.05-22.23.42:975][  0]LogFileCache: Scanning file cache for directory 'D:/GitHub/Warzone_project/BattleZone/Content/Collections/' took 0.01s
[2019.12.05-22.23.42:975][  0]LogCollectionManager: Rebuilt the GUID cache for 0 collections in 0.000000 seconds
[2019.12.05-22.23.42:991][  0]LogContentBrowser: Native class hierarchy populated in 0.0084 seconds. Added 2732 classes and 659 folders.
[2019.12.05-22.23.43:221][  0]LogContentBrowser: Native class hierarchy updated for 'WidgetCarousel' in 0.0002 seconds. Added 0 classes and 0 folders.
[2019.12.05-22.23.43:318][  0]LogPakFile: Registered encryption key '00000000000000000000000000000000': 0 pak files mounted, 0 remain pending
[2019.12.05-22.23.43:479][  0]LogPakFile: Registered encryption key '00000000000000000000000000000000': 0 pak files mounted, 0 remain pending
[2019.12.05-22.23.43:489][  0]LogPakFile: Registered encryption key '00000000000000000000000000000000': 0 pak files mounted, 0 remain pending
[2019.12.05-22.23.43:503][  0]LogPakFile: Registered encryption key '00000000000000000000000000000000': 0 pak files mounted, 0 remain pending
[2019.12.05-22.23.43:505][  0]LogPakFile: Registered encryption key '00000000000000000000000000000000': 0 pak files mounted, 0 remain pending
[2019.12.05-22.23.43:507][  0]LogPakFile: Registered encryption key '00000000000000000000000000000000': 0 pak files mounted, 0 remain pending
[2019.12.05-22.23.43:513][  0]LogPakFile: Registered encryption key '00000000000000000000000000000000': 0 pak files mounted, 0 remain pending
[2019.12.05-22.23.43:534][  0]LogPakFile: Registered encryption key '00000000000000000000000000000000': 0 pak files mounted, 0 remain pending
[2019.12.05-22.23.43:536][  0]LogPakFile: Registered encryption key '00000000000000000000000000000000': 0 pak files mounted, 0 remain pending
[2019.12.05-22.23.43:538][  0]LogPakFile: Registered encryption key '00000000000000000000000000000000': 0 pak files mounted, 0 remain pending
[2019.12.05-22.23.43:539][  0]LogPakFile: Registered encryption key '00000000000000000000000000000000': 0 pak files mounted, 0 remain pending
[2019.12.05-22.23.43:541][  0]LogPakFile: Registered encryption key '00000000000000000000000000000000': 0 pak files mounted, 0 remain pending
[2019.12.05-22.23.43:542][  0]LogPakFile: Registered encryption key '00000000000000000000000000000000': 0 pak files mounted, 0 remain pending
[2019.12.05-22.23.43:544][  0]LogPakFile: Registered encryption key '00000000000000000000000000000000': 0 pak files mounted, 0 remain pending
[2019.12.05-22.23.43:545][  0]LogPakFile: Registered encryption key '00000000000000000000000000000000': 0 pak files mounted, 0 remain pending
[2019.12.05-22.23.43:547][  0]LogPakFile: Registered encryption key '00000000000000000000000000000000': 0 pak files mounted, 0 remain pending
[2019.12.05-22.23.43:548][  0]LogPakFile: Registered encryption key '00000000000000000000000000000000': 0 pak files mounted, 0 remain pending
[2019.12.05-22.23.43:550][  0]LogPakFile: Registered encryption key '00000000000000000000000000000000': 0 pak files mounted, 0 remain pending
[2019.12.05-22.23.43:551][  0]LogPakFile: Registered encryption key '00000000000000000000000000000000': 0 pak files mounted, 0 remain pending
[2019.12.05-22.23.43:552][  0]LogPakFile: Registered encryption key '00000000000000000000000000000000': 0 pak files mounted, 0 remain pending
[2019.12.05-22.23.43:567][  0]LogPakFile: Registered encryption key '00000000000000000000000000000000': 0 pak files mounted, 0 remain pending
[2019.12.05-22.23.43:569][  0]LogPakFile: Registered encryption key '00000000000000000000000000000000': 0 pak files mounted, 0 remain pending
[2019.12.05-22.23.43:571][  0]LogPakFile: Registered encryption key '00000000000000000000000000000000': 0 pak files mounted, 0 remain pending
[2019.12.05-22.23.43:576][  0]LogPakFile: Registered encryption key '00000000000000000000000000000000': 0 pak files mounted, 0 remain pending
[2019.12.05-22.23.43:598][  0]LogPakFile: Registered encryption key '00000000000000000000000000000000': 0 pak files mounted, 0 remain pending
[2019.12.05-22.23.43:599][  0]LogPakFile: Registered encryption key '00000000000000000000000000000000': 0 pak files mounted, 0 remain pending
[2019.12.05-22.23.44:350][  0]LogContentBrowser: Native class hierarchy updated for 'AddContentDialog' in 0.0002 seconds. Added 0 classes and 0 folders.
[2019.12.05-22.23.44:408][  0]LogContentBrowser: Native class hierarchy updated for 'SceneOutliner' in 0.0003 seconds. Added 1 classes and 2 folders.
[2019.12.05-22.23.45:986][  0]LogSlate: Took 0.022002 seconds to synchronously load lazily loaded font '../../../Engine/Content/Slate/Fonts/Roboto-Regular.ttf' (155K)
[2019.12.05-22.23.46:161][  0]LogSlate: Took 0.018077 seconds to synchronously load lazily loaded font '../../../Engine/Content/Slate/Fonts/Roboto-Bold.ttf' (160K)
[2019.12.05-22.23.46:252][  0]LogSlate: Took 0.012273 seconds to synchronously load lazily loaded font '../../../Engine/Content/Editor/Slate/Fonts/FontAwesome.ttf' (139K)
[2019.12.05-22.23.47:195][  0]LogRenderer: Reallocating scene render targets to support 952x412 Format 10 NumSamples 1 (Frame:1).
[2019.12.05-22.23.48:366][  0]LogContentBrowser: Native class hierarchy updated for 'HierarchicalLODOutliner' in 0.0003 seconds. Added 0 classes and 0 folders.
[2019.12.05-22.23.48:366][  0]LogLoad: (Engine Initialization) Total time: 98.08 seconds
[2019.12.05-22.23.48:366][  0]LogLoad: (Engine Initialization) Total Blueprint compile time: 0.00 seconds
[2019.12.05-22.23.49:289][  0]LogContentStreaming: Texture pool size now 1000 MB
[2019.12.05-22.23.50:204][  2]LogAssetRegistry: Asset discovery search completed in 64.4026 seconds
[2019.12.05-22.23.50:440][  2]LogCollectionManager: Rebuilt the object cache for 0 collections in 0.000000 seconds (found 0 objects)
[2019.12.05-22.23.50:440][  2]LogCollectionManager: Fixed up redirectors for 0 collections in 0.024345 seconds (updated 0 objects)
[2019.12.05-22.23.50:531][  2]LogSlate: Took 0.012559 seconds to synchronously load lazily loaded font '../../../Engine/Content/Slate/Fonts/Roboto-Light.ttf' (167K)
[2019.12.05-22.23.50:586][  2]LogSlate: Took 0.000117 seconds to synchronously load lazily loaded font '../../../Engine/Content/Slate/Fonts/Roboto-Light.ttf' (167K)
[2019.12.05-22.23.56:847][354]LogSlate: FSceneViewport::OnFocusLost() reason 0
[2019.12.05-22.23.56:973][361]LogTemp: Repeating last play command: Selected Viewport
[2019.12.05-22.23.57:111][361]LogBlueprintUserMessages: Early PlayInEditor Detection: Level '/Game/FirstPersonBP/Maps/FirstPersonExampleMap.FirstPersonExampleMap:PersistentLevel' has LevelScriptBlueprint '/Game/FirstPersonBP/Maps/FirstPersonExampleMap.FirstPersonExampleMap:PersistentLevel.FirstPersonExampleMap' with GeneratedClass '/Game/FirstPersonBP/Maps/FirstPersonExampleMap.FirstPersonExampleMap_C' with ClassGeneratedBy '/Game/FirstPersonBP/Maps/FirstPersonExampleMap.FirstPersonExampleMap:PersistentLevel.FirstPersonExampleMap'
[2019.12.05-22.23.57:136][361]LogPlayLevel: PlayLevel: No blueprints needed recompiling
[2019.12.05-22.23.57:200][361]PIE: New page: PIE session: FirstPersonExampleMap (Dec 5, 2019, 10:23:57 AM)
[2019.12.05-22.23.57:272][361]LogPlayLevel: Creating play world package: /Game/FirstPersonBP/Maps/UEDPIE_0_FirstPersonExampleMap
[2019.12.05-22.23.57:347][361]LogPlayLevel: PIE: StaticDuplicateObject took: (0.074857s)
[2019.12.05-22.23.57:501][361]LogAIModule: Creating AISystem for world FirstPersonExampleMap
[2019.12.05-22.23.57:549][361]LogPlayLevel: PIE: World Init took: (0.201884s)
[2019.12.05-22.23.57:550][361]LogPlayLevel: PIE: Created PIE world by copying editor world from /Game/FirstPersonBP/Maps/FirstPersonExampleMap.FirstPersonExampleMap to /Game/FirstPersonBP/Maps/UEDPIE_0_FirstPersonExampleMap.FirstPersonExampleMap (0.277231s)
[2019.12.05-22.23.57:604][361]LogUObjectHash: Compacting FUObjectHashTables data took   0.96ms
[2019.12.05-22.23.57:660][361]LogInit: XAudio2 using 'ROG PG248Q (NVIDIA High Definition Audio)' : 2 channels at 48 kHz using 16 bits per sample (channel mask 0x3)
[2019.12.05-22.23.57:674][361]LogInit: FAudioDevice initialized.
[2019.12.05-22.23.57:920][361]LogLoad: Game class is 'FirstPersonGameMode_C'
[2019.12.05-22.23.58:141][361]LogWorld: Bringing World /Game/FirstPersonBP/Maps/UEDPIE_0_FirstPersonExampleMap.FirstPersonExampleMap up for play (max tick rate 60) at 2019.12.05-16.23.58
[2019.12.05-22.23.58:231][361]LogWorld: Bringing up level for play took: 0.206209
[2019.12.05-22.23.58:629][361]LogContentBrowser: Native class hierarchy updated for 'MovieSceneCapture' in 0.0005 seconds. Added 20 classes and 0 folders.
[2019.12.05-22.23.58:669][361]PIE: Play in editor start time for /Game/FirstPersonBP/Maps/UEDPIE_0_FirstPersonExampleMap 1.642
[2019.12.05-22.23.58:669][361]LogBlueprintUserMessages: Late PlayInEditor Detection: Level '/Game/FirstPersonBP/Maps/FirstPersonExampleMap.FirstPersonExampleMap:PersistentLevel' has LevelScriptBlueprint '/Game/FirstPersonBP/Maps/FirstPersonExampleMap.FirstPersonExampleMap:PersistentLevel.FirstPersonExampleMap' with GeneratedClass '/Game/FirstPersonBP/Maps/FirstPersonExampleMap.FirstPersonExampleMap_C' with ClassGeneratedBy '/Game/FirstPersonBP/Maps/FirstPersonExampleMap.FirstPersonExampleMap:PersistentLevel.FirstPersonExampleMap'
[2019.12.05-22.24.16:565][384]LogBlueprintUserMessages: Early EndPlayMap Detection: Level '/Game/FirstPersonBP/Maps/FirstPersonExampleMap.FirstPersonExampleMap:PersistentLevel' has LevelScriptBlueprint '/Game/FirstPersonBP/Maps/FirstPersonExampleMap.FirstPersonExampleMap:PersistentLevel.FirstPersonExampleMap' with GeneratedClass '/Game/FirstPersonBP/Maps/FirstPersonExampleMap.FirstPersonExampleMap_C' with ClassGeneratedBy '/Game/FirstPersonBP/Maps/FirstPersonExampleMap.FirstPersonExampleMap:PersistentLevel.FirstPersonExampleMap'
[2019.12.05-22.24.16:580][384]LogSlate: Updating window title bar state: overlay mode, drag disabled, window buttons hidden, title bar hidden
[2019.12.05-22.24.16:652][384]LogPlayLevel: Display: Shutting down PIE online subsystems
[2019.12.05-22.24.16:652][384]LogBlueprintUserMessages: Late EndPlayMap Detection: Level '/Game/FirstPersonBP/Maps/FirstPersonExampleMap.FirstPersonExampleMap:PersistentLevel' has LevelScriptBlueprint '/Game/FirstPersonBP/Maps/FirstPersonExampleMap.FirstPersonExampleMap:PersistentLevel.FirstPersonExampleMap' with GeneratedClass '/Game/FirstPersonBP/Maps/FirstPersonExampleMap.FirstPersonExampleMap_C' with ClassGeneratedBy '/Game/FirstPersonBP/Maps/FirstPersonExampleMap.FirstPersonExampleMap:PersistentLevel.FirstPersonExampleMap'
[2019.12.05-22.24.16:715][384]LogSlate: Updating window title bar state: overlay mode, drag disabled, window buttons hidden, title bar hidden
[2019.12.05-22.24.16:974][384]LogUObjectHash: Compacting FUObjectHashTables data took   1.55ms
[2019.12.05-22.24.17:004][385]LogPlayLevel: Display: Destroying online subsystem :Context_1
[2019.12.05-22.24.19:196][516]LogSlate: FSceneViewport::OnFocusLost() reason 0
[2019.12.05-22.24.30:872][ 11]LogSlate: Only BGRA pngs, bmps or icos are supported in by External Image Picker
[2019.12.05-22.25.00:052][388]LogSlate: Window 'Project Settings' being destroyed
[2019.12.05-22.25.00:057][388]LogSlate: Window 'Project Settings' being destroyed
[2019.12.05-22.25.11:402][591]LogAIModule: Creating AISystem for world MainMap
[2019.12.05-22.25.11:644][591]LogAssetEditorManager: Opening Asset editor for World /Game/Maps/MainMap.MainMap
[2019.12.05-22.25.11:695][591]LogUObjectHash: Compacting FUObjectHashTables data took   1.42ms
[2019.12.05-22.25.11:732][591]Cmd: MAP LOAD FILE="../../../../GitHub/Warzone_project/BattleZone/Content/Maps/MainMap.umap" TEMPLATE=0 SHOWPROGRESS=1 FEATURELEVEL=3
[2019.12.05-22.25.11:732][591]LightingResults: New page: Lighting Build
[2019.12.05-22.25.11:876][591]LoadErrors: New page: Loading map: MainMap.umap
[2019.12.05-22.25.11:877][591]MapCheck: New page: Map Check
[2019.12.05-22.25.11:877][591]LightingResults: New page: Lighting Build
[2019.12.05-22.25.11:919][591]LogUObjectHash: Compacting FUObjectHashTables data took   1.49ms
[2019.12.05-22.25.12:302][591]LogEditorServer: Finished looking for orphan Actors (0.000 secs)
[2019.12.05-22.25.12:329][591]LogUObjectHash: Compacting FUObjectHashTables data took   1.44ms
[2019.12.05-22.25.12:349][591]Cmd: MAP CHECKDEP NOCLEARLOG
[2019.12.05-22.25.12:349][591]MapCheck: Map check complete: 0 Error(s), 0 Warning(s), took 0.069ms to complete.
[2019.12.05-22.25.12:350][591]LogFileHelpers: Loading map 'MainMap' took 0.648
[2019.12.05-22.25.31:470][711]LogSlate: FSceneViewport::OnFocusLost() reason 0
[2019.12.05-22.25.31:569][717]LogTemp: Repeating last play command: Selected Viewport
[2019.12.05-22.25.31:575][717]LogBlueprintUserMessages: Early PlayInEditor Detection: Level '/Game/Maps/MainMap.MainMap:PersistentLevel' has LevelScriptBlueprint '/Game/Maps/MainMap.MainMap:PersistentLevel.MainMap' with GeneratedClass '/Game/Maps/MainMap.MainMap_C' with ClassGeneratedBy '/Game/Maps/MainMap.MainMap:PersistentLevel.MainMap'
[2019.12.05-22.25.31:576][717]LogPlayLevel: PlayLevel: No blueprints needed recompiling
[2019.12.05-22.25.31:576][717]PIE: New page: PIE session: MainMap (Dec 5, 2019, 10:25:31 AM)
[2019.12.05-22.25.31:576][717]LogPlayLevel: Creating play world package: /Game/Maps/UEDPIE_0_MainMap
[2019.12.05-22.25.31:754][717]LogPlayLevel: PIE: StaticDuplicateObject took: (0.177615s)
[2019.12.05-22.25.31:754][717]LogAIModule: Creating AISystem for world MainMap
[2019.12.05-22.25.31:762][717]LogPlayLevel: PIE: World Init took: (0.008101s)
[2019.12.05-22.25.31:762][717]LogPlayLevel: PIE: Created PIE world by copying editor world from /Game/Maps/MainMap.MainMap to /Game/Maps/UEDPIE_0_MainMap.MainMap (0.185961s)
[2019.12.05-22.25.31:786][717]LogUObjectHash: Compacting FUObjectHashTables data took   0.91ms
[2019.12.05-22.25.31:794][717]LogInit: XAudio2 using 'ROG PG248Q (NVIDIA High Definition Audio)' : 2 channels at 48 kHz using 16 bits per sample (channel mask 0x3)
[2019.12.05-22.25.31:803][717]LogInit: FAudioDevice initialized.
[2019.12.05-22.25.31:834][717]LogLoad: Game class is 'FirstPersonGameMode_C'
[2019.12.05-22.25.31:839][717]LogWorld: Bringing World /Game/Maps/UEDPIE_0_MainMap.MainMap up for play (max tick rate 60) at 2019.12.05-16.25.31
[2019.12.05-22.25.31:848][717]LogWorld: Bringing up level for play took: 0.013739
[2019.12.05-22.25.32:080][717]PIE: Play in editor start time for /Game/Maps/UEDPIE_0_MainMap 1.055
[2019.12.05-22.25.32:080][717]LogBlueprintUserMessages: Late PlayInEditor Detection: Level '/Game/Maps/MainMap.MainMap:PersistentLevel' has LevelScriptBlueprint '/Game/Maps/MainMap.MainMap:PersistentLevel.MainMap' with GeneratedClass '/Game/Maps/MainMap.MainMap_C' with ClassGeneratedBy '/Game/Maps/MainMap.MainMap:PersistentLevel.MainMap'
[2019.12.05-22.25.40:695][231]LogBlueprintUserMessages: Early EndPlayMap Detection: Level '/Game/Maps/MainMap.MainMap:PersistentLevel' has LevelScriptBlueprint '/Game/Maps/MainMap.MainMap:PersistentLevel.MainMap' with GeneratedClass '/Game/Maps/MainMap.MainMap_C' with ClassGeneratedBy '/Game/Maps/MainMap.MainMap:PersistentLevel.MainMap'
[2019.12.05-22.25.40:696][231]LogSlate: Updating window title bar state: overlay mode, drag disabled, window buttons hidden, title bar hidden
[2019.12.05-22.25.40:726][231]LogPlayLevel: Display: Shutting down PIE online subsystems
[2019.12.05-22.25.40:726][231]LogBlueprintUserMessages: Late EndPlayMap Detection: Level '/Game/Maps/MainMap.MainMap:PersistentLevel' has LevelScriptBlueprint '/Game/Maps/MainMap.MainMap:PersistentLevel.MainMap' with GeneratedClass '/Game/Maps/MainMap.MainMap_C' with ClassGeneratedBy '/Game/Maps/MainMap.MainMap:PersistentLevel.MainMap'
[2019.12.05-22.25.40:754][231]LogSlate: Updating window title bar state: overlay mode, drag disabled, window buttons hidden, title bar hidden
[2019.12.05-22.25.40:791][231]LogUObjectHash: Compacting FUObjectHashTables data took   1.11ms
[2019.12.05-22.25.40:807][232]LogPlayLevel: Display: Destroying online subsystem :Context_3
[2019.12.05-22.25.44:178][434]LogSlate: FSceneViewport::OnFocusLost() reason 0
[2019.12.05-22.26.04:117][306]LogTexture: Display: Building textures: T_HedgeHogMetal_01_NAOM (AutoDXT, 2048X4096)
[2019.12.05-22.26.04:117][306]LogTexture: Display: Building textures: T_HedgeHogMetal_01_AR (AutoDXT, 2048X4096)
[2019.12.05-22.26.04:117][306]LogMaterial: Display: Missing cached shader map for material M_PropRoot_01, compiling. 
[2019.12.05-22.26.04:701][306]LogStaticMesh: Building static mesh SM_HedgeHogMetal_01...
[2019.12.05-22.26.06:932][306]LogStaticMesh: Built static mesh [2.25s] /Game/TankBarriersPack/Meshes/SM_HedgeHogMetal_01.SM_HedgeHogMetal_01
[2019.12.05-22.26.07:310][306]LogActorFactory: Actor Factory created SM_HedgeHogMetal_01
[2019.12.05-22.26.12:229][590]LogActorFactory: Actor Factory created SM_HedgeHogMetal_01
[2019.12.05-22.26.15:675][660]LogRenderer: Reallocating scene render targets to support 1192x544 Format 10 NumSamples 1 (Frame:2563).
[2019.12.05-22.26.24:650][196]LogEditorViewport: Clicking on Actor (context menu): Landscape (Landscape)
[2019.12.05-22.26.25:154][196]LogSlate: FSceneViewport::OnFocusLost() reason 2
[2019.12.05-22.26.27:731][346]LogRenderer: Reallocating scene render targets to support 1192x556 Format 10 NumSamples 1 (Frame:3255).
[2019.12.05-22.26.27:778][347]LogRenderer: Reallocating scene render targets to support 1192x572 Format 10 NumSamples 1 (Frame:3257).
[2019.12.05-22.26.27:819][348]LogRenderer: Reallocating scene render targets to support 1192x604 Format 10 NumSamples 1 (Frame:3259).
[2019.12.05-22.26.27:862][349]LogRenderer: Reallocating scene render targets to support 1192x620 Format 10 NumSamples 1 (Frame:3261).
[2019.12.05-22.26.27:907][350]LogRenderer: Reallocating scene render targets to support 1192x640 Format 10 NumSamples 1 (Frame:3263).
[2019.12.05-22.26.27:950][351]LogRenderer: Reallocating scene render targets to support 1192x656 Format 10 NumSamples 1 (Frame:3265).
[2019.12.05-22.26.27:993][352]LogRenderer: Reallocating scene render targets to support 1192x676 Format 10 NumSamples 1 (Frame:3267).
[2019.12.05-22.26.28:040][353]LogRenderer: Reallocating scene render targets to support 1192x700 Format 10 NumSamples 1 (Frame:3269).
[2019.12.05-22.26.28:083][354]LogRenderer: Reallocating scene render targets to support 1192x736 Format 10 NumSamples 1 (Frame:3271).
[2019.12.05-22.26.28:129][355]LogRenderer: Reallocating scene render targets to support 1192x764 Format 10 NumSamples 1 (Frame:3273).
[2019.12.05-22.26.28:172][356]LogRenderer: Reallocating scene render targets to support 1192x792 Format 10 NumSamples 1 (Frame:3275).
[2019.12.05-22.26.28:214][357]LogRenderer: Reallocating scene render targets to support 1192x812 Format 10 NumSamples 1 (Frame:3277).
[2019.12.05-22.26.28:256][358]LogRenderer: Reallocating scene render targets to support 1192x828 Format 10 NumSamples 1 (Frame:3279).
[2019.12.05-22.26.28:301][359]LogRenderer: Reallocating scene render targets to support 1192x844 Format 10 NumSamples 1 (Frame:3281).
[2019.12.05-22.26.28:343][360]LogRenderer: Reallocating scene render targets to support 1192x856 Format 10 NumSamples 1 (Frame:3283).
[2019.12.05-22.26.28:385][361]LogRenderer: Reallocating scene render targets to support 1192x860 Format 10 NumSamples 1 (Frame:3285).
[2019.12.05-22.26.35:089][759]LogRenderer: Reallocating scene render targets to support 1200x860 Format 10 NumSamples 1 (Frame:3687).
[2019.12.05-22.26.35:135][760]LogRenderer: Reallocating scene render targets to support 1224x860 Format 10 NumSamples 1 (Frame:3689).
[2019.12.05-22.26.35:177][761]LogRenderer: Reallocating scene render targets to support 1252x860 Format 10 NumSamples 1 (Frame:3691).
[2019.12.05-22.26.35:219][762]LogRenderer: Reallocating scene render targets to support 1276x860 Format 10 NumSamples 1 (Frame:3693).
[2019.12.05-22.26.35:264][763]LogRenderer: Reallocating scene render targets to support 1304x860 Format 10 NumSamples 1 (Frame:3695).
[2019.12.05-22.26.35:309][764]LogRenderer: Reallocating scene render targets to support 1324x860 Format 10 NumSamples 1 (Frame:3697).
[2019.12.05-22.26.35:351][765]LogRenderer: Reallocating scene render targets to support 1340x860 Format 10 NumSamples 1 (Frame:3699).
[2019.12.05-22.26.35:397][766]LogRenderer: Reallocating scene render targets to support 1364x860 Format 10 NumSamples 1 (Frame:3701).
[2019.12.05-22.26.35:441][767]LogRenderer: Reallocating scene render targets to support 1372x860 Format 10 NumSamples 1 (Frame:3703).
[2019.12.05-22.26.35:487][768]LogRenderer: Reallocating scene render targets to support 1376x860 Format 10 NumSamples 1 (Frame:3705).
[2019.12.05-22.26.35:591][772]LogRenderer: Reallocating scene render targets to support 1384x860 Format 10 NumSamples 1 (Frame:3711).
[2019.12.05-22.26.35:635][773]LogRenderer: Reallocating scene render targets to support 1392x860 Format 10 NumSamples 1 (Frame:3713).
[2019.12.05-22.28.27:759][280]LogSlate: FSceneViewport::OnFocusLost() reason 0
[2019.12.05-22.28.27:860][286]LogTemp: Repeating last play command: Selected Viewport
[2019.12.05-22.28.27:868][286]LogBlueprintUserMessages: Early PlayInEditor Detection: Level '/Game/Maps/MainMap.MainMap:PersistentLevel' has LevelScriptBlueprint '/Game/Maps/MainMap.MainMap:PersistentLevel.MainMap' with GeneratedClass '/Game/Maps/MainMap.MainMap_C' with ClassGeneratedBy '/Game/Maps/MainMap.MainMap:PersistentLevel.MainMap'
[2019.12.05-22.28.27:868][286]LogPlayLevel: PlayLevel: No blueprints needed recompiling
[2019.12.05-22.28.27:868][286]PIE: New page: PIE session: MainMap (Dec 5, 2019, 10:28:27 AM)
[2019.12.05-22.28.27:868][286]LogPlayLevel: Creating play world package: /Game/Maps/UEDPIE_0_MainMap
[2019.12.05-22.28.27:910][286]LogPlayLevel: PIE: StaticDuplicateObject took: (0.041594s)
[2019.12.05-22.28.27:910][286]LogAIModule: Creating AISystem for world MainMap
[2019.12.05-22.28.27:911][286]LogPlayLevel: PIE: World Init took: (0.000582s)
[2019.12.05-22.28.27:911][286]LogPlayLevel: PIE: Created PIE world by copying editor world from /Game/Maps/MainMap.MainMap to /Game/Maps/UEDPIE_0_MainMap.MainMap (0.042329s)
[2019.12.05-22.28.27:935][286]LogUObjectHash: Compacting FUObjectHashTables data took   1.22ms
[2019.12.05-22.28.27:945][286]LogInit: XAudio2 using 'ROG PG248Q (NVIDIA High Definition Audio)' : 2 channels at 48 kHz using 16 bits per sample (channel mask 0x3)
[2019.12.05-22.28.27:955][286]LogInit: FAudioDevice initialized.
[2019.12.05-22.28.27:984][286]LogLoad: Game class is 'FirstPersonGameMode_C'
[2019.12.05-22.28.27:988][286]LogWorld: Bringing World /Game/Maps/UEDPIE_0_MainMap.MainMap up for play (max tick rate 60) at 2019.12.05-16.28.27
[2019.12.05-22.28.27:989][286]LogWorld: Bringing up level for play took: 0.004196
[2019.12.05-22.28.28:003][286]PIE: Play in editor start time for /Game/Maps/UEDPIE_0_MainMap 0.977
[2019.12.05-22.28.28:003][286]LogBlueprintUserMessages: Late PlayInEditor Detection: Level '/Game/Maps/MainMap.MainMap:PersistentLevel' has LevelScriptBlueprint '/Game/Maps/MainMap.MainMap:PersistentLevel.MainMap' with GeneratedClass '/Game/Maps/MainMap.MainMap_C' with ClassGeneratedBy '/Game/Maps/MainMap.MainMap:PersistentLevel.MainMap'
[2019.12.05-22.28.38:963][941]LogBlueprintUserMessages: Early EndPlayMap Detection: Level '/Game/Maps/MainMap.MainMap:PersistentLevel' has LevelScriptBlueprint '/Game/Maps/MainMap.MainMap:PersistentLevel.MainMap' with GeneratedClass '/Game/Maps/MainMap.MainMap_C' with ClassGeneratedBy '/Game/Maps/MainMap.MainMap:PersistentLevel.MainMap'
[2019.12.05-22.28.38:964][941]LogSlate: Updating window title bar state: overlay mode, drag disabled, window buttons hidden, title bar hidden
[2019.12.05-22.28.38:992][941]LogPlayLevel: Display: Shutting down PIE online subsystems
[2019.12.05-22.28.38:992][941]LogBlueprintUserMessages: Late EndPlayMap Detection: Level '/Game/Maps/MainMap.MainMap:PersistentLevel' has LevelScriptBlueprint '/Game/Maps/MainMap.MainMap:PersistentLevel.MainMap' with GeneratedClass '/Game/Maps/MainMap.MainMap_C' with ClassGeneratedBy '/Game/Maps/MainMap.MainMap:PersistentLevel.MainMap'
[2019.12.05-22.28.39:023][941]LogSlate: Updating window title bar state: overlay mode, drag disabled, window buttons hidden, title bar hidden
[2019.12.05-22.28.39:026][941]LogUObjectHash: Compacting FUObjectHashTables data took   1.15ms
[2019.12.05-22.28.39:074][943]LogPlayLevel: Display: Destroying online subsystem :Context_5
